<?xml version="1.0" encoding="UTF-8" ?>
<testsuites>
  <testsuite errors="0" failures="0" hostname="INrijun.local" id="0" name="BibliotecaAppTest" package="com.twu.biblioteca" skipped="0" tests="1" time="0.158" timestamp="2015-09-05T14:20:45">
      <properties>
[...]
</properties>

      <testcase classname="com.twu.biblioteca.BibliotecaAppTest" name="shouldShowWelcomeMessageAlongWithListOfBooksOnStart" time="0.117" />

      <system-out><![CDATA[]]></system-out>

      <system-err><![CDATA[]]></system-err>

  </testsuite>
  <testsuite errors="0" failures="0" hostname="INrijun.local" id="1" name="BookListTest" package="com.twu.biblioteca" skipped="0" tests="1" time="0.004" timestamp="2015-09-05T14:20:45">
      <properties>
[...]
</properties>

      <testcase classname="com.twu.biblioteca.BookListTest" name="shouldDisplayWelcomeMessageOfDisplay" time="0.001" />

      <system-out><![CDATA[]]></system-out>

      <system-err><![CDATA[]]></system-err>

  </testsuite>
  <testsuite errors="0" failures="0" hostname="INrijun.local" id="2" name="BookTest" package="com.twu.biblioteca" skipped="0" tests="1" time="0.002" timestamp="2015-09-05T14:20:45">
      <properties>
[...]
</properties>

      <testcase classname="com.twu.biblioteca.BookTest" name="specDisplayingABook" time="0.0" />

      <system-out><![CDATA[]]></system-out>

      <system-err><![CDATA[]]></system-err>

  </testsuite>
  <testsuite errors="0" failures="0" hostname="INrijun.local" id="3" name="WelcomeMessageTest" package="com.twu.biblioteca" skipped="0" tests="1" time="0.002" timestamp="2015-09-05T14:20:45">
      <properties>
[...]
</properties>

      <testcase classname="com.twu.biblioteca.WelcomeMessageTest" name="shouldDisplayWelcomeMessageOfDisplay" time="0.0" />

      <system-out><![CDATA[]]></system-out>

      <system-err><![CDATA[]]></system-err>

  </testsuite>
</testsuites>
